ERROR - 2023-03-29 00:02:59 --> mysqli_sql_exception: Unknown column 'created_at' in 'field list' in C:\workDashboard\newsletter\api\system\Database\MySQLi\Connection.php:295
Stack trace:
#0 C:\workDashboard\newsletter\api\system\Database\MySQLi\Connection.php(295): mysqli->query('INSERT INTO `fa...', 0)
#1 C:\workDashboard\newsletter\api\system\Database\BaseConnection.php(691): CodeIgniter\Database\MySQLi\Connection->execute('INSERT INTO `fa...')
#2 C:\workDashboard\newsletter\api\system\Database\BaseConnection.php(605): CodeIgniter\Database\BaseConnection->simpleQuery('INSERT INTO `fa...')
#3 C:\workDashboard\newsletter\api\system\Database\BaseBuilder.php(2309): CodeIgniter\Database\BaseConnection->query('INSERT INTO `fa...', Array, false)
#4 C:\workDashboard\newsletter\api\system\Model.php(330): CodeIgniter\Database\BaseBuilder->insert()
#5 C:\workDashboard\newsletter\api\system\BaseModel.php(782): CodeIgniter\Model->doInsert(Array)
#6 C:\workDashboard\newsletter\api\system\Model.php(730): CodeIgniter\BaseModel->insert(Array, true)
#7 C:\workDashboard\newsletter\api\app\Controllers\NoticiaFavorita.php(44): CodeIgniter\Model->insert(Array)
#8 C:\workDashboard\newsletter\api\system\CodeIgniter.php(934): App\Controllers\NoticiaFavorita->adicionar()
#9 C:\workDashboard\newsletter\api\system\CodeIgniter.php(499): CodeIgniter\CodeIgniter->runController(Object(App\Controllers\NoticiaFavorita))
#10 C:\workDashboard\newsletter\api\system\CodeIgniter.php(368): CodeIgniter\CodeIgniter->handleRequest(NULL, Object(Config\Cache), false)
#11 C:\workDashboard\newsletter\api\public\index.php(67): CodeIgniter\CodeIgniter->run()
#12 {main}
CRITICAL - 2023-03-29 00:02:59 --> Unknown column 'created_at' in 'field list'
in SYSTEMPATH\Database\BaseConnection.php on line 645.
 1 SYSTEMPATH\Database\BaseBuilder.php(2309): CodeIgniter\Database\BaseConnection->query('INSERT INTO `favorite_news` (`user_id`, `title`, `description`, `content`, `url`, `image`, `publishedAt`, `source_name`, `source_url`, `status`, `created_at`, `updated_at`) VALUES (:user_id:, :title:, :description:, :content:, :url:, :image:, :publishedAt:, :source_name:, :source_url:, :status:, :created_at:, :updated_at:)', [...], false)
 2 SYSTEMPATH\Model.php(330): CodeIgniter\Database\BaseBuilder->insert()
 3 SYSTEMPATH\BaseModel.php(782): CodeIgniter\Model->doInsert([...])
 4 SYSTEMPATH\Model.php(730): CodeIgniter\BaseModel->insert([...], true)
 5 APPPATH\Controllers\NoticiaFavorita.php(44): CodeIgniter\Model->insert([...])
 6 SYSTEMPATH\CodeIgniter.php(934): App\Controllers\NoticiaFavorita->adicionar()
 7 SYSTEMPATH\CodeIgniter.php(499): CodeIgniter\CodeIgniter->runController(Object(App\Controllers\NoticiaFavorita))
 8 SYSTEMPATH\CodeIgniter.php(368): CodeIgniter\CodeIgniter->handleRequest(null, Object(Config\Cache), false)
 9 FCPATH\index.php(67): CodeIgniter\CodeIgniter->run()
ERROR - 2023-03-29 00:03:21 --> mysqli_sql_exception: Unknown column 'created_at' in 'field list' in C:\workDashboard\newsletter\api\system\Database\MySQLi\Connection.php:295
Stack trace:
#0 C:\workDashboard\newsletter\api\system\Database\MySQLi\Connection.php(295): mysqli->query('INSERT INTO `fa...', 0)
#1 C:\workDashboard\newsletter\api\system\Database\BaseConnection.php(691): CodeIgniter\Database\MySQLi\Connection->execute('INSERT INTO `fa...')
#2 C:\workDashboard\newsletter\api\system\Database\BaseConnection.php(605): CodeIgniter\Database\BaseConnection->simpleQuery('INSERT INTO `fa...')
#3 C:\workDashboard\newsletter\api\system\Database\BaseBuilder.php(2309): CodeIgniter\Database\BaseConnection->query('INSERT INTO `fa...', Array, false)
#4 C:\workDashboard\newsletter\api\system\Model.php(330): CodeIgniter\Database\BaseBuilder->insert()
#5 C:\workDashboard\newsletter\api\system\BaseModel.php(782): CodeIgniter\Model->doInsert(Array)
#6 C:\workDashboard\newsletter\api\system\Model.php(730): CodeIgniter\BaseModel->insert(Array, true)
#7 C:\workDashboard\newsletter\api\app\Controllers\NoticiaFavorita.php(44): CodeIgniter\Model->insert(Array)
#8 C:\workDashboard\newsletter\api\system\CodeIgniter.php(934): App\Controllers\NoticiaFavorita->adicionar()
#9 C:\workDashboard\newsletter\api\system\CodeIgniter.php(499): CodeIgniter\CodeIgniter->runController(Object(App\Controllers\NoticiaFavorita))
#10 C:\workDashboard\newsletter\api\system\CodeIgniter.php(368): CodeIgniter\CodeIgniter->handleRequest(NULL, Object(Config\Cache), false)
#11 C:\workDashboard\newsletter\api\public\index.php(67): CodeIgniter\CodeIgniter->run()
#12 {main}
CRITICAL - 2023-03-29 00:03:21 --> Unknown column 'created_at' in 'field list'
in SYSTEMPATH\Database\BaseConnection.php on line 645.
 1 SYSTEMPATH\Database\BaseBuilder.php(2309): CodeIgniter\Database\BaseConnection->query('INSERT INTO `favorite_news` (`user_id`, `title`, `description`, `content`, `url`, `image`, `publishedAt`, `source_name`, `source_url`, `status`, `created_at`, `updated_at`) VALUES (:user_id:, :title:, :description:, :content:, :url:, :image:, :publishedAt:, :source_name:, :source_url:, :status:, :created_at:, :updated_at:)', [...], false)
 2 SYSTEMPATH\Model.php(330): CodeIgniter\Database\BaseBuilder->insert()
 3 SYSTEMPATH\BaseModel.php(782): CodeIgniter\Model->doInsert([...])
 4 SYSTEMPATH\Model.php(730): CodeIgniter\BaseModel->insert([...], true)
 5 APPPATH\Controllers\NoticiaFavorita.php(44): CodeIgniter\Model->insert([...])
 6 SYSTEMPATH\CodeIgniter.php(934): App\Controllers\NoticiaFavorita->adicionar()
 7 SYSTEMPATH\CodeIgniter.php(499): CodeIgniter\CodeIgniter->runController(Object(App\Controllers\NoticiaFavorita))
 8 SYSTEMPATH\CodeIgniter.php(368): CodeIgniter\CodeIgniter->handleRequest(null, Object(Config\Cache), false)
 9 FCPATH\index.php(67): CodeIgniter\CodeIgniter->run()
CRITICAL - 2023-03-29 00:19:18 --> Attempt to assign property "status" on array
in APPPATH\Controllers\NoticiaFavorita.php on line 49.
 1 SYSTEMPATH\CodeIgniter.php(934): App\Controllers\NoticiaFavorita->adicionar()
 2 SYSTEMPATH\CodeIgniter.php(499): CodeIgniter\CodeIgniter->runController(Object(App\Controllers\NoticiaFavorita))
 3 SYSTEMPATH\CodeIgniter.php(368): CodeIgniter\CodeIgniter->handleRequest(null, Object(Config\Cache), false)
 4 FCPATH\index.php(67): CodeIgniter\CodeIgniter->run()
CRITICAL - 2023-03-29 00:19:40 --> Attempt to assign property "status" on array
in APPPATH\Controllers\NoticiaFavorita.php on line 49.
 1 SYSTEMPATH\CodeIgniter.php(934): App\Controllers\NoticiaFavorita->adicionar()
 2 SYSTEMPATH\CodeIgniter.php(499): CodeIgniter\CodeIgniter->runController(Object(App\Controllers\NoticiaFavorita))
 3 SYSTEMPATH\CodeIgniter.php(368): CodeIgniter\CodeIgniter->handleRequest(null, Object(Config\Cache), false)
 4 FCPATH\index.php(67): CodeIgniter\CodeIgniter->run()
CRITICAL - 2023-03-29 00:20:26 --> Attempt to assign property "status" on array
in APPPATH\Controllers\NoticiaFavorita.php on line 46.
 1 SYSTEMPATH\CodeIgniter.php(934): App\Controllers\NoticiaFavorita->adicionar()
 2 SYSTEMPATH\CodeIgniter.php(499): CodeIgniter\CodeIgniter->runController(Object(App\Controllers\NoticiaFavorita))
 3 SYSTEMPATH\CodeIgniter.php(368): CodeIgniter\CodeIgniter->handleRequest(null, Object(Config\Cache), false)
 4 FCPATH\index.php(67): CodeIgniter\CodeIgniter->run()
CRITICAL - 2023-03-29 00:27:00 --> Attempt to assign property "status" on array
in APPPATH\Controllers\NoticiaFavorita.php on line 44.
 1 SYSTEMPATH\CodeIgniter.php(934): App\Controllers\NoticiaFavorita->adicionar()
 2 SYSTEMPATH\CodeIgniter.php(499): CodeIgniter\CodeIgniter->runController(Object(App\Controllers\NoticiaFavorita))
 3 SYSTEMPATH\CodeIgniter.php(368): CodeIgniter\CodeIgniter->handleRequest(null, Object(Config\Cache), false)
 4 FCPATH\index.php(67): CodeIgniter\CodeIgniter->run()
CRITICAL - 2023-03-29 00:27:44 --> Attempt to assign property "status" on array
in APPPATH\Controllers\NoticiaFavorita.php on line 44.
 1 SYSTEMPATH\CodeIgniter.php(934): App\Controllers\NoticiaFavorita->adicionar()
 2 SYSTEMPATH\CodeIgniter.php(499): CodeIgniter\CodeIgniter->runController(Object(App\Controllers\NoticiaFavorita))
 3 SYSTEMPATH\CodeIgniter.php(368): CodeIgniter\CodeIgniter->handleRequest(null, Object(Config\Cache), false)
 4 FCPATH\index.php(67): CodeIgniter\CodeIgniter->run()
CRITICAL - 2023-03-29 00:27:53 --> Attempt to assign property "status" on array
in APPPATH\Controllers\NoticiaFavorita.php on line 44.
 1 SYSTEMPATH\CodeIgniter.php(934): App\Controllers\NoticiaFavorita->adicionar()
 2 SYSTEMPATH\CodeIgniter.php(499): CodeIgniter\CodeIgniter->runController(Object(App\Controllers\NoticiaFavorita))
 3 SYSTEMPATH\CodeIgniter.php(368): CodeIgniter\CodeIgniter->handleRequest(null, Object(Config\Cache), false)
 4 FCPATH\index.php(67): CodeIgniter\CodeIgniter->run()
CRITICAL - 2023-03-29 00:30:41 --> Attempt to assign property "status" on array
in APPPATH\Controllers\NoticiaFavorita.php on line 52.
 1 SYSTEMPATH\CodeIgniter.php(934): App\Controllers\NoticiaFavorita->adicionar()
 2 SYSTEMPATH\CodeIgniter.php(499): CodeIgniter\CodeIgniter->runController(Object(App\Controllers\NoticiaFavorita))
 3 SYSTEMPATH\CodeIgniter.php(368): CodeIgniter\CodeIgniter->handleRequest(null, Object(Config\Cache), false)
 4 FCPATH\index.php(67): CodeIgniter\CodeIgniter->run()
CRITICAL - 2023-03-29 00:31:15 --> Attempt to read property "id" on array
in APPPATH\Controllers\NoticiaFavorita.php on line 50.
 1 APPPATH\Controllers\NoticiaFavorita.php(50): CodeIgniter\Debug\Exceptions->errorHandler(2, 'Attempt to read property "id" on array', 'APPPATH\\Controllers\\NoticiaFavorita.php', 50)
 2 SYSTEMPATH\CodeIgniter.php(934): App\Controllers\NoticiaFavorita->adicionar()
 3 SYSTEMPATH\CodeIgniter.php(499): CodeIgniter\CodeIgniter->runController(Object(App\Controllers\NoticiaFavorita))
 4 SYSTEMPATH\CodeIgniter.php(368): CodeIgniter\CodeIgniter->handleRequest(null, Object(Config\Cache), false)
 5 FCPATH\index.php(67): CodeIgniter\CodeIgniter->run()
CRITICAL - 2023-03-29 00:31:31 --> Attempt to read property "id" on array
in APPPATH\Controllers\NoticiaFavorita.php on line 50.
 1 APPPATH\Controllers\NoticiaFavorita.php(50): CodeIgniter\Debug\Exceptions->errorHandler(2, 'Attempt to read property "id" on array', 'APPPATH\\Controllers\\NoticiaFavorita.php', 50)
 2 SYSTEMPATH\CodeIgniter.php(934): App\Controllers\NoticiaFavorita->adicionar()
 3 SYSTEMPATH\CodeIgniter.php(499): CodeIgniter\CodeIgniter->runController(Object(App\Controllers\NoticiaFavorita))
 4 SYSTEMPATH\CodeIgniter.php(368): CodeIgniter\CodeIgniter->handleRequest(null, Object(Config\Cache), false)
 5 FCPATH\index.php(67): CodeIgniter\CodeIgniter->run()
CRITICAL - 2023-03-29 00:36:11 --> Attempt to assign property "status" on array
in APPPATH\Controllers\NoticiaFavorita.php on line 56.
 1 SYSTEMPATH\CodeIgniter.php(934): App\Controllers\NoticiaFavorita->adicionar()
 2 SYSTEMPATH\CodeIgniter.php(499): CodeIgniter\CodeIgniter->runController(Object(App\Controllers\NoticiaFavorita))
 3 SYSTEMPATH\CodeIgniter.php(368): CodeIgniter\CodeIgniter->handleRequest(null, Object(Config\Cache), false)
 4 FCPATH\index.php(67): CodeIgniter\CodeIgniter->run()
CRITICAL - 2023-03-29 00:39:05 --> Attempt to assign property "status" on array
in APPPATH\Controllers\NoticiaFavorita.php on line 55.
 1 SYSTEMPATH\CodeIgniter.php(934): App\Controllers\NoticiaFavorita->adicionar()
 2 SYSTEMPATH\CodeIgniter.php(499): CodeIgniter\CodeIgniter->runController(Object(App\Controllers\NoticiaFavorita))
 3 SYSTEMPATH\CodeIgniter.php(368): CodeIgniter\CodeIgniter->handleRequest(null, Object(Config\Cache), false)
 4 FCPATH\index.php(67): CodeIgniter\CodeIgniter->run()
CRITICAL - 2023-03-29 00:40:46 --> Attempt to assign property "status" on array
in APPPATH\Controllers\NoticiaFavorita.php on line 55.
 1 SYSTEMPATH\CodeIgniter.php(934): App\Controllers\NoticiaFavorita->adicionar()
 2 SYSTEMPATH\CodeIgniter.php(499): CodeIgniter\CodeIgniter->runController(Object(App\Controllers\NoticiaFavorita))
 3 SYSTEMPATH\CodeIgniter.php(368): CodeIgniter\CodeIgniter->handleRequest(null, Object(Config\Cache), false)
 4 FCPATH\index.php(67): CodeIgniter\CodeIgniter->run()
CRITICAL - 2023-03-29 00:40:48 --> Attempt to assign property "status" on array
in APPPATH\Controllers\NoticiaFavorita.php on line 55.
 1 SYSTEMPATH\CodeIgniter.php(934): App\Controllers\NoticiaFavorita->adicionar()
 2 SYSTEMPATH\CodeIgniter.php(499): CodeIgniter\CodeIgniter->runController(Object(App\Controllers\NoticiaFavorita))
 3 SYSTEMPATH\CodeIgniter.php(368): CodeIgniter\CodeIgniter->handleRequest(null, Object(Config\Cache), false)
 4 FCPATH\index.php(67): CodeIgniter\CodeIgniter->run()
CRITICAL - 2023-03-29 00:40:50 --> Attempt to assign property "status" on array
in APPPATH\Controllers\NoticiaFavorita.php on line 55.
 1 SYSTEMPATH\CodeIgniter.php(934): App\Controllers\NoticiaFavorita->adicionar()
 2 SYSTEMPATH\CodeIgniter.php(499): CodeIgniter\CodeIgniter->runController(Object(App\Controllers\NoticiaFavorita))
 3 SYSTEMPATH\CodeIgniter.php(368): CodeIgniter\CodeIgniter->handleRequest(null, Object(Config\Cache), false)
 4 FCPATH\index.php(67): CodeIgniter\CodeIgniter->run()
CRITICAL - 2023-03-29 00:43:09 --> Attempt to assign property "status" on array
in APPPATH\Controllers\NoticiaFavorita.php on line 52.
 1 SYSTEMPATH\CodeIgniter.php(934): App\Controllers\NoticiaFavorita->adicionar()
 2 SYSTEMPATH\CodeIgniter.php(499): CodeIgniter\CodeIgniter->runController(Object(App\Controllers\NoticiaFavorita))
 3 SYSTEMPATH\CodeIgniter.php(368): CodeIgniter\CodeIgniter->handleRequest(null, Object(Config\Cache), false)
 4 FCPATH\index.php(67): CodeIgniter\CodeIgniter->run()
CRITICAL - 2023-03-29 00:43:39 --> Attempt to assign property "status" on array
in APPPATH\Controllers\NoticiaFavorita.php on line 52.
 1 SYSTEMPATH\CodeIgniter.php(934): App\Controllers\NoticiaFavorita->adicionar()
 2 SYSTEMPATH\CodeIgniter.php(499): CodeIgniter\CodeIgniter->runController(Object(App\Controllers\NoticiaFavorita))
 3 SYSTEMPATH\CodeIgniter.php(368): CodeIgniter\CodeIgniter->handleRequest(null, Object(Config\Cache), false)
 4 FCPATH\index.php(67): CodeIgniter\CodeIgniter->run()
CRITICAL - 2023-03-29 00:47:54 --> Attempt to assign property "status" on array
in APPPATH\Controllers\NoticiaFavorita.php on line 52.
 1 SYSTEMPATH\CodeIgniter.php(934): App\Controllers\NoticiaFavorita->adicionar()
 2 SYSTEMPATH\CodeIgniter.php(499): CodeIgniter\CodeIgniter->runController(Object(App\Controllers\NoticiaFavorita))
 3 SYSTEMPATH\CodeIgniter.php(368): CodeIgniter\CodeIgniter->handleRequest(null, Object(Config\Cache), false)
 4 FCPATH\index.php(67): CodeIgniter\CodeIgniter->run()
CRITICAL - 2023-03-29 00:50:00 --> Attempt to assign property "status" on array
in APPPATH\Controllers\NoticiaFavorita.php on line 52.
 1 SYSTEMPATH\CodeIgniter.php(934): App\Controllers\NoticiaFavorita->adicionar()
 2 SYSTEMPATH\CodeIgniter.php(499): CodeIgniter\CodeIgniter->runController(Object(App\Controllers\NoticiaFavorita))
 3 SYSTEMPATH\CodeIgniter.php(368): CodeIgniter\CodeIgniter->handleRequest(null, Object(Config\Cache), false)
 4 FCPATH\index.php(67): CodeIgniter\CodeIgniter->run()
CRITICAL - 2023-03-29 00:51:11 --> Attempt to assign property "status" on array
in APPPATH\Controllers\NoticiaFavorita.php on line 52.
 1 SYSTEMPATH\CodeIgniter.php(934): App\Controllers\NoticiaFavorita->adicionar()
 2 SYSTEMPATH\CodeIgniter.php(499): CodeIgniter\CodeIgniter->runController(Object(App\Controllers\NoticiaFavorita))
 3 SYSTEMPATH\CodeIgniter.php(368): CodeIgniter\CodeIgniter->handleRequest(null, Object(Config\Cache), false)
 4 FCPATH\index.php(67): CodeIgniter\CodeIgniter->run()
CRITICAL - 2023-03-29 00:51:24 --> Attempt to assign property "status" on array
in APPPATH\Controllers\NoticiaFavorita.php on line 52.
 1 SYSTEMPATH\CodeIgniter.php(934): App\Controllers\NoticiaFavorita->adicionar()
 2 SYSTEMPATH\CodeIgniter.php(499): CodeIgniter\CodeIgniter->runController(Object(App\Controllers\NoticiaFavorita))
 3 SYSTEMPATH\CodeIgniter.php(368): CodeIgniter\CodeIgniter->handleRequest(null, Object(Config\Cache), false)
 4 FCPATH\index.php(67): CodeIgniter\CodeIgniter->run()
CRITICAL - 2023-03-29 00:52:06 --> Attempt to assign property "status" on array
in APPPATH\Controllers\NoticiaFavorita.php on line 52.
 1 SYSTEMPATH\CodeIgniter.php(934): App\Controllers\NoticiaFavorita->adicionar()
 2 SYSTEMPATH\CodeIgniter.php(499): CodeIgniter\CodeIgniter->runController(Object(App\Controllers\NoticiaFavorita))
 3 SYSTEMPATH\CodeIgniter.php(368): CodeIgniter\CodeIgniter->handleRequest(null, Object(Config\Cache), false)
 4 FCPATH\index.php(67): CodeIgniter\CodeIgniter->run()
CRITICAL - 2023-03-29 00:52:19 --> Attempt to assign property "status" on array
in APPPATH\Controllers\NoticiaFavorita.php on line 52.
 1 SYSTEMPATH\CodeIgniter.php(934): App\Controllers\NoticiaFavorita->adicionar()
 2 SYSTEMPATH\CodeIgniter.php(499): CodeIgniter\CodeIgniter->runController(Object(App\Controllers\NoticiaFavorita))
 3 SYSTEMPATH\CodeIgniter.php(368): CodeIgniter\CodeIgniter->handleRequest(null, Object(Config\Cache), false)
 4 FCPATH\index.php(67): CodeIgniter\CodeIgniter->run()
CRITICAL - 2023-03-29 00:54:32 --> Attempt to assign property "status" on array
in APPPATH\Controllers\NoticiaFavorita.php on line 46.
 1 SYSTEMPATH\CodeIgniter.php(934): App\Controllers\NoticiaFavorita->adicionar()
 2 SYSTEMPATH\CodeIgniter.php(499): CodeIgniter\CodeIgniter->runController(Object(App\Controllers\NoticiaFavorita))
 3 SYSTEMPATH\CodeIgniter.php(368): CodeIgniter\CodeIgniter->handleRequest(null, Object(Config\Cache), false)
 4 FCPATH\index.php(67): CodeIgniter\CodeIgniter->run()
CRITICAL - 2023-03-29 00:54:36 --> Attempt to assign property "status" on array
in APPPATH\Controllers\NoticiaFavorita.php on line 46.
 1 SYSTEMPATH\CodeIgniter.php(934): App\Controllers\NoticiaFavorita->adicionar()
 2 SYSTEMPATH\CodeIgniter.php(499): CodeIgniter\CodeIgniter->runController(Object(App\Controllers\NoticiaFavorita))
 3 SYSTEMPATH\CodeIgniter.php(368): CodeIgniter\CodeIgniter->handleRequest(null, Object(Config\Cache), false)
 4 FCPATH\index.php(67): CodeIgniter\CodeIgniter->run()
CRITICAL - 2023-03-29 00:54:38 --> Attempt to assign property "status" on array
in APPPATH\Controllers\NoticiaFavorita.php on line 46.
 1 SYSTEMPATH\CodeIgniter.php(934): App\Controllers\NoticiaFavorita->adicionar()
 2 SYSTEMPATH\CodeIgniter.php(499): CodeIgniter\CodeIgniter->runController(Object(App\Controllers\NoticiaFavorita))
 3 SYSTEMPATH\CodeIgniter.php(368): CodeIgniter\CodeIgniter->handleRequest(null, Object(Config\Cache), false)
 4 FCPATH\index.php(67): CodeIgniter\CodeIgniter->run()
CRITICAL - 2023-03-29 00:54:52 --> Attempt to assign property "status" on array
in APPPATH\Controllers\NoticiaFavorita.php on line 46.
 1 SYSTEMPATH\CodeIgniter.php(934): App\Controllers\NoticiaFavorita->adicionar()
 2 SYSTEMPATH\CodeIgniter.php(499): CodeIgniter\CodeIgniter->runController(Object(App\Controllers\NoticiaFavorita))
 3 SYSTEMPATH\CodeIgniter.php(368): CodeIgniter\CodeIgniter->handleRequest(null, Object(Config\Cache), false)
 4 FCPATH\index.php(67): CodeIgniter\CodeIgniter->run()
CRITICAL - 2023-03-29 00:55:52 --> Attempt to assign property "status" on array
in APPPATH\Controllers\NoticiaFavorita.php on line 46.
 1 SYSTEMPATH\CodeIgniter.php(934): App\Controllers\NoticiaFavorita->adicionar()
 2 SYSTEMPATH\CodeIgniter.php(499): CodeIgniter\CodeIgniter->runController(Object(App\Controllers\NoticiaFavorita))
 3 SYSTEMPATH\CodeIgniter.php(368): CodeIgniter\CodeIgniter->handleRequest(null, Object(Config\Cache), false)
 4 FCPATH\index.php(67): CodeIgniter\CodeIgniter->run()
CRITICAL - 2023-03-29 00:57:36 --> Attempt to assign property "status" on array
in APPPATH\Controllers\NoticiaFavorita.php on line 46.
 1 SYSTEMPATH\CodeIgniter.php(934): App\Controllers\NoticiaFavorita->adicionar()
 2 SYSTEMPATH\CodeIgniter.php(499): CodeIgniter\CodeIgniter->runController(Object(App\Controllers\NoticiaFavorita))
 3 SYSTEMPATH\CodeIgniter.php(368): CodeIgniter\CodeIgniter->handleRequest(null, Object(Config\Cache), false)
 4 FCPATH\index.php(67): CodeIgniter\CodeIgniter->run()
CRITICAL - 2023-03-29 00:58:49 --> Attempt to read property "status" on array
in APPPATH\Controllers\NoticiaFavorita.php on line 48.
 1 APPPATH\Controllers\NoticiaFavorita.php(48): CodeIgniter\Debug\Exceptions->errorHandler(2, 'Attempt to read property "status" on array', 'APPPATH\\Controllers\\NoticiaFavorita.php', 48)
 2 SYSTEMPATH\CodeIgniter.php(934): App\Controllers\NoticiaFavorita->adicionar()
 3 SYSTEMPATH\CodeIgniter.php(499): CodeIgniter\CodeIgniter->runController(Object(App\Controllers\NoticiaFavorita))
 4 SYSTEMPATH\CodeIgniter.php(368): CodeIgniter\CodeIgniter->handleRequest(null, Object(Config\Cache), false)
 5 FCPATH\index.php(67): CodeIgniter\CodeIgniter->run()
CRITICAL - 2023-03-29 00:59:26 --> Attempt to read property "status" on array
in APPPATH\Controllers\NoticiaFavorita.php on line 48.
 1 APPPATH\Controllers\NoticiaFavorita.php(48): CodeIgniter\Debug\Exceptions->errorHandler(2, 'Attempt to read property "status" on array', 'APPPATH\\Controllers\\NoticiaFavorita.php', 48)
 2 SYSTEMPATH\CodeIgniter.php(934): App\Controllers\NoticiaFavorita->adicionar()
 3 SYSTEMPATH\CodeIgniter.php(499): CodeIgniter\CodeIgniter->runController(Object(App\Controllers\NoticiaFavorita))
 4 SYSTEMPATH\CodeIgniter.php(368): CodeIgniter\CodeIgniter->handleRequest(null, Object(Config\Cache), false)
 5 FCPATH\index.php(67): CodeIgniter\CodeIgniter->run()
CRITICAL - 2023-03-29 01:00:12 --> Attempt to read property "id" on array
in APPPATH\Controllers\NoticiaFavorita.php on line 47.
 1 APPPATH\Controllers\NoticiaFavorita.php(47): CodeIgniter\Debug\Exceptions->errorHandler(2, 'Attempt to read property "id" on array', 'APPPATH\\Controllers\\NoticiaFavorita.php', 47)
 2 SYSTEMPATH\CodeIgniter.php(934): App\Controllers\NoticiaFavorita->adicionar()
 3 SYSTEMPATH\CodeIgniter.php(499): CodeIgniter\CodeIgniter->runController(Object(App\Controllers\NoticiaFavorita))
 4 SYSTEMPATH\CodeIgniter.php(368): CodeIgniter\CodeIgniter->handleRequest(null, Object(Config\Cache), false)
 5 FCPATH\index.php(67): CodeIgniter\CodeIgniter->run()
CRITICAL - 2023-03-29 02:34:28 --> Undefined array key "title"
in APPPATH\Controllers\NoticiaFavorita.php on line 74.
 1 APPPATH\Controllers\NoticiaFavorita.php(74): CodeIgniter\Debug\Exceptions->errorHandler(2, 'Undefined array key "title"', 'APPPATH\\Controllers\\NoticiaFavorita.php', 74)
 2 SYSTEMPATH\CodeIgniter.php(934): App\Controllers\NoticiaFavorita->listarFavoritas()
 3 SYSTEMPATH\CodeIgniter.php(499): CodeIgniter\CodeIgniter->runController(Object(App\Controllers\NoticiaFavorita))
 4 SYSTEMPATH\CodeIgniter.php(368): CodeIgniter\CodeIgniter->handleRequest(null, Object(Config\Cache), false)
 5 FCPATH\index.php(67): CodeIgniter\CodeIgniter->run()
CRITICAL - 2023-03-29 02:34:44 --> Undefined array key "title"
in APPPATH\Controllers\NoticiaFavorita.php on line 74.
 1 APPPATH\Controllers\NoticiaFavorita.php(74): CodeIgniter\Debug\Exceptions->errorHandler(2, 'Undefined array key "title"', 'APPPATH\\Controllers\\NoticiaFavorita.php', 74)
 2 SYSTEMPATH\CodeIgniter.php(934): App\Controllers\NoticiaFavorita->listarFavoritas()
 3 SYSTEMPATH\CodeIgniter.php(499): CodeIgniter\CodeIgniter->runController(Object(App\Controllers\NoticiaFavorita))
 4 SYSTEMPATH\CodeIgniter.php(368): CodeIgniter\CodeIgniter->handleRequest(null, Object(Config\Cache), false)
 5 FCPATH\index.php(67): CodeIgniter\CodeIgniter->run()
CRITICAL - 2023-03-29 02:34:57 --> Undefined array key "title"
in APPPATH\Controllers\NoticiaFavorita.php on line 74.
 1 APPPATH\Controllers\NoticiaFavorita.php(74): CodeIgniter\Debug\Exceptions->errorHandler(2, 'Undefined array key "title"', 'APPPATH\\Controllers\\NoticiaFavorita.php', 74)
 2 SYSTEMPATH\CodeIgniter.php(934): App\Controllers\NoticiaFavorita->listarFavoritas()
 3 SYSTEMPATH\CodeIgniter.php(499): CodeIgniter\CodeIgniter->runController(Object(App\Controllers\NoticiaFavorita))
 4 SYSTEMPATH\CodeIgniter.php(368): CodeIgniter\CodeIgniter->handleRequest(null, Object(Config\Cache), false)
 5 FCPATH\index.php(67): CodeIgniter\CodeIgniter->run()
CRITICAL - 2023-03-29 02:35:13 --> Undefined array key "title"
in APPPATH\Controllers\NoticiaFavorita.php on line 74.
 1 APPPATH\Controllers\NoticiaFavorita.php(74): CodeIgniter\Debug\Exceptions->errorHandler(2, 'Undefined array key "title"', 'APPPATH\\Controllers\\NoticiaFavorita.php', 74)
 2 SYSTEMPATH\CodeIgniter.php(934): App\Controllers\NoticiaFavorita->listarFavoritas()
 3 SYSTEMPATH\CodeIgniter.php(499): CodeIgniter\CodeIgniter->runController(Object(App\Controllers\NoticiaFavorita))
 4 SYSTEMPATH\CodeIgniter.php(368): CodeIgniter\CodeIgniter->handleRequest(null, Object(Config\Cache), false)
 5 FCPATH\index.php(67): CodeIgniter\CodeIgniter->run()
CRITICAL - 2023-03-29 02:35:22 --> Undefined array key "title"
in APPPATH\Controllers\NoticiaFavorita.php on line 74.
 1 APPPATH\Controllers\NoticiaFavorita.php(74): CodeIgniter\Debug\Exceptions->errorHandler(2, 'Undefined array key "title"', 'APPPATH\\Controllers\\NoticiaFavorita.php', 74)
 2 SYSTEMPATH\CodeIgniter.php(934): App\Controllers\NoticiaFavorita->listarFavoritas()
 3 SYSTEMPATH\CodeIgniter.php(499): CodeIgniter\CodeIgniter->runController(Object(App\Controllers\NoticiaFavorita))
 4 SYSTEMPATH\CodeIgniter.php(368): CodeIgniter\CodeIgniter->handleRequest(null, Object(Config\Cache), false)
 5 FCPATH\index.php(67): CodeIgniter\CodeIgniter->run()
CRITICAL - 2023-03-29 02:36:22 --> Undefined array key "title"
in APPPATH\Controllers\NoticiaFavorita.php on line 75.
 1 APPPATH\Controllers\NoticiaFavorita.php(75): CodeIgniter\Debug\Exceptions->errorHandler(2, 'Undefined array key "title"', 'APPPATH\\Controllers\\NoticiaFavorita.php', 75)
 2 SYSTEMPATH\CodeIgniter.php(934): App\Controllers\NoticiaFavorita->listarFavoritas()
 3 SYSTEMPATH\CodeIgniter.php(499): CodeIgniter\CodeIgniter->runController(Object(App\Controllers\NoticiaFavorita))
 4 SYSTEMPATH\CodeIgniter.php(368): CodeIgniter\CodeIgniter->handleRequest(null, Object(Config\Cache), false)
 5 FCPATH\index.php(67): CodeIgniter\CodeIgniter->run()
CRITICAL - 2023-03-29 02:36:35 --> Undefined array key "title"
in APPPATH\Controllers\NoticiaFavorita.php on line 75.
 1 APPPATH\Controllers\NoticiaFavorita.php(75): CodeIgniter\Debug\Exceptions->errorHandler(2, 'Undefined array key "title"', 'APPPATH\\Controllers\\NoticiaFavorita.php', 75)
 2 SYSTEMPATH\CodeIgniter.php(934): App\Controllers\NoticiaFavorita->listarFavoritas()
 3 SYSTEMPATH\CodeIgniter.php(499): CodeIgniter\CodeIgniter->runController(Object(App\Controllers\NoticiaFavorita))
 4 SYSTEMPATH\CodeIgniter.php(368): CodeIgniter\CodeIgniter->handleRequest(null, Object(Config\Cache), false)
 5 FCPATH\index.php(67): CodeIgniter\CodeIgniter->run()
CRITICAL - 2023-03-29 22:55:19 --> Undefined array key "publishedAt"
in APPPATH\Controllers\NoticiaFavorita.php on line 28.
 1 APPPATH\Controllers\NoticiaFavorita.php(28): CodeIgniter\Debug\Exceptions->errorHandler(2, 'Undefined array key "publishedAt"', 'APPPATH\\Controllers\\NoticiaFavorita.php', 28)
 2 SYSTEMPATH\CodeIgniter.php(934): App\Controllers\NoticiaFavorita->adicionar()
 3 SYSTEMPATH\CodeIgniter.php(499): CodeIgniter\CodeIgniter->runController(Object(App\Controllers\NoticiaFavorita))
 4 SYSTEMPATH\CodeIgniter.php(368): CodeIgniter\CodeIgniter->handleRequest(null, Object(Config\Cache), false)
 5 FCPATH\index.php(67): CodeIgniter\CodeIgniter->run()
CRITICAL - 2023-03-29 22:55:20 --> Undefined array key "publishedAt"
in APPPATH\Controllers\NoticiaFavorita.php on line 28.
 1 APPPATH\Controllers\NoticiaFavorita.php(28): CodeIgniter\Debug\Exceptions->errorHandler(2, 'Undefined array key "publishedAt"', 'APPPATH\\Controllers\\NoticiaFavorita.php', 28)
 2 SYSTEMPATH\CodeIgniter.php(934): App\Controllers\NoticiaFavorita->adicionar()
 3 SYSTEMPATH\CodeIgniter.php(499): CodeIgniter\CodeIgniter->runController(Object(App\Controllers\NoticiaFavorita))
 4 SYSTEMPATH\CodeIgniter.php(368): CodeIgniter\CodeIgniter->handleRequest(null, Object(Config\Cache), false)
 5 FCPATH\index.php(67): CodeIgniter\CodeIgniter->run()
CRITICAL - 2023-03-29 22:58:38 --> Undefined array key "publishedAt"
in APPPATH\Controllers\NoticiaFavorita.php on line 28.
 1 APPPATH\Controllers\NoticiaFavorita.php(28): CodeIgniter\Debug\Exceptions->errorHandler(2, 'Undefined array key "publishedAt"', 'APPPATH\\Controllers\\NoticiaFavorita.php', 28)
 2 SYSTEMPATH\CodeIgniter.php(934): App\Controllers\NoticiaFavorita->adicionar()
 3 SYSTEMPATH\CodeIgniter.php(499): CodeIgniter\CodeIgniter->runController(Object(App\Controllers\NoticiaFavorita))
 4 SYSTEMPATH\CodeIgniter.php(368): CodeIgniter\CodeIgniter->handleRequest(null, Object(Config\Cache), false)
 5 FCPATH\index.php(67): CodeIgniter\CodeIgniter->run()
CRITICAL - 2023-03-29 22:58:39 --> Undefined array key "publishedAt"
in APPPATH\Controllers\NoticiaFavorita.php on line 28.
 1 APPPATH\Controllers\NoticiaFavorita.php(28): CodeIgniter\Debug\Exceptions->errorHandler(2, 'Undefined array key "publishedAt"', 'APPPATH\\Controllers\\NoticiaFavorita.php', 28)
 2 SYSTEMPATH\CodeIgniter.php(934): App\Controllers\NoticiaFavorita->adicionar()
 3 SYSTEMPATH\CodeIgniter.php(499): CodeIgniter\CodeIgniter->runController(Object(App\Controllers\NoticiaFavorita))
 4 SYSTEMPATH\CodeIgniter.php(368): CodeIgniter\CodeIgniter->handleRequest(null, Object(Config\Cache), false)
 5 FCPATH\index.php(67): CodeIgniter\CodeIgniter->run()
CRITICAL - 2023-03-29 22:58:47 --> Undefined array key "publishedAt"
in APPPATH\Controllers\NoticiaFavorita.php on line 28.
 1 APPPATH\Controllers\NoticiaFavorita.php(28): CodeIgniter\Debug\Exceptions->errorHandler(2, 'Undefined array key "publishedAt"', 'APPPATH\\Controllers\\NoticiaFavorita.php', 28)
 2 SYSTEMPATH\CodeIgniter.php(934): App\Controllers\NoticiaFavorita->adicionar()
 3 SYSTEMPATH\CodeIgniter.php(499): CodeIgniter\CodeIgniter->runController(Object(App\Controllers\NoticiaFavorita))
 4 SYSTEMPATH\CodeIgniter.php(368): CodeIgniter\CodeIgniter->handleRequest(null, Object(Config\Cache), false)
 5 FCPATH\index.php(67): CodeIgniter\CodeIgniter->run()
CRITICAL - 2023-03-29 22:58:50 --> Undefined array key "publishedAt"
in APPPATH\Controllers\NoticiaFavorita.php on line 28.
 1 APPPATH\Controllers\NoticiaFavorita.php(28): CodeIgniter\Debug\Exceptions->errorHandler(2, 'Undefined array key "publishedAt"', 'APPPATH\\Controllers\\NoticiaFavorita.php', 28)
 2 SYSTEMPATH\CodeIgniter.php(934): App\Controllers\NoticiaFavorita->adicionar()
 3 SYSTEMPATH\CodeIgniter.php(499): CodeIgniter\CodeIgniter->runController(Object(App\Controllers\NoticiaFavorita))
 4 SYSTEMPATH\CodeIgniter.php(368): CodeIgniter\CodeIgniter->handleRequest(null, Object(Config\Cache), false)
 5 FCPATH\index.php(67): CodeIgniter\CodeIgniter->run()
CRITICAL - 2023-03-29 22:58:51 --> Undefined array key "publishedAt"
in APPPATH\Controllers\NoticiaFavorita.php on line 28.
 1 APPPATH\Controllers\NoticiaFavorita.php(28): CodeIgniter\Debug\Exceptions->errorHandler(2, 'Undefined array key "publishedAt"', 'APPPATH\\Controllers\\NoticiaFavorita.php', 28)
 2 SYSTEMPATH\CodeIgniter.php(934): App\Controllers\NoticiaFavorita->adicionar()
 3 SYSTEMPATH\CodeIgniter.php(499): CodeIgniter\CodeIgniter->runController(Object(App\Controllers\NoticiaFavorita))
 4 SYSTEMPATH\CodeIgniter.php(368): CodeIgniter\CodeIgniter->handleRequest(null, Object(Config\Cache), false)
 5 FCPATH\index.php(67): CodeIgniter\CodeIgniter->run()
CRITICAL - 2023-03-29 23:31:27 --> Undefined array key "publishedAt"
in APPPATH\Controllers\NoticiaFavorita.php on line 28.
 1 APPPATH\Controllers\NoticiaFavorita.php(28): CodeIgniter\Debug\Exceptions->errorHandler(2, 'Undefined array key "publishedAt"', 'APPPATH\\Controllers\\NoticiaFavorita.php', 28)
 2 SYSTEMPATH\CodeIgniter.php(934): App\Controllers\NoticiaFavorita->adicionar()
 3 SYSTEMPATH\CodeIgniter.php(499): CodeIgniter\CodeIgniter->runController(Object(App\Controllers\NoticiaFavorita))
 4 SYSTEMPATH\CodeIgniter.php(368): CodeIgniter\CodeIgniter->handleRequest(null, Object(Config\Cache), false)
 5 FCPATH\index.php(67): CodeIgniter\CodeIgniter->run()
CRITICAL - 2023-03-29 23:31:28 --> Undefined array key "publishedAt"
in APPPATH\Controllers\NoticiaFavorita.php on line 28.
 1 APPPATH\Controllers\NoticiaFavorita.php(28): CodeIgniter\Debug\Exceptions->errorHandler(2, 'Undefined array key "publishedAt"', 'APPPATH\\Controllers\\NoticiaFavorita.php', 28)
 2 SYSTEMPATH\CodeIgniter.php(934): App\Controllers\NoticiaFavorita->adicionar()
 3 SYSTEMPATH\CodeIgniter.php(499): CodeIgniter\CodeIgniter->runController(Object(App\Controllers\NoticiaFavorita))
 4 SYSTEMPATH\CodeIgniter.php(368): CodeIgniter\CodeIgniter->handleRequest(null, Object(Config\Cache), false)
 5 FCPATH\index.php(67): CodeIgniter\CodeIgniter->run()
CRITICAL - 2023-03-29 23:31:29 --> Undefined array key "publishedAt"
in APPPATH\Controllers\NoticiaFavorita.php on line 28.
 1 APPPATH\Controllers\NoticiaFavorita.php(28): CodeIgniter\Debug\Exceptions->errorHandler(2, 'Undefined array key "publishedAt"', 'APPPATH\\Controllers\\NoticiaFavorita.php', 28)
 2 SYSTEMPATH\CodeIgniter.php(934): App\Controllers\NoticiaFavorita->adicionar()
 3 SYSTEMPATH\CodeIgniter.php(499): CodeIgniter\CodeIgniter->runController(Object(App\Controllers\NoticiaFavorita))
 4 SYSTEMPATH\CodeIgniter.php(368): CodeIgniter\CodeIgniter->handleRequest(null, Object(Config\Cache), false)
 5 FCPATH\index.php(67): CodeIgniter\CodeIgniter->run()
CRITICAL - 2023-03-29 23:31:30 --> Undefined array key "publishedAt"
in APPPATH\Controllers\NoticiaFavorita.php on line 28.
 1 APPPATH\Controllers\NoticiaFavorita.php(28): CodeIgniter\Debug\Exceptions->errorHandler(2, 'Undefined array key "publishedAt"', 'APPPATH\\Controllers\\NoticiaFavorita.php', 28)
 2 SYSTEMPATH\CodeIgniter.php(934): App\Controllers\NoticiaFavorita->adicionar()
 3 SYSTEMPATH\CodeIgniter.php(499): CodeIgniter\CodeIgniter->runController(Object(App\Controllers\NoticiaFavorita))
 4 SYSTEMPATH\CodeIgniter.php(368): CodeIgniter\CodeIgniter->handleRequest(null, Object(Config\Cache), false)
 5 FCPATH\index.php(67): CodeIgniter\CodeIgniter->run()
CRITICAL - 2023-03-29 23:31:31 --> Undefined array key "publishedAt"
in APPPATH\Controllers\NoticiaFavorita.php on line 28.
 1 APPPATH\Controllers\NoticiaFavorita.php(28): CodeIgniter\Debug\Exceptions->errorHandler(2, 'Undefined array key "publishedAt"', 'APPPATH\\Controllers\\NoticiaFavorita.php', 28)
 2 SYSTEMPATH\CodeIgniter.php(934): App\Controllers\NoticiaFavorita->adicionar()
 3 SYSTEMPATH\CodeIgniter.php(499): CodeIgniter\CodeIgniter->runController(Object(App\Controllers\NoticiaFavorita))
 4 SYSTEMPATH\CodeIgniter.php(368): CodeIgniter\CodeIgniter->handleRequest(null, Object(Config\Cache), false)
 5 FCPATH\index.php(67): CodeIgniter\CodeIgniter->run()
CRITICAL - 2023-03-29 23:31:36 --> Undefined array key "publishedAt"
in APPPATH\Controllers\NoticiaFavorita.php on line 28.
 1 APPPATH\Controllers\NoticiaFavorita.php(28): CodeIgniter\Debug\Exceptions->errorHandler(2, 'Undefined array key "publishedAt"', 'APPPATH\\Controllers\\NoticiaFavorita.php', 28)
 2 SYSTEMPATH\CodeIgniter.php(934): App\Controllers\NoticiaFavorita->adicionar()
 3 SYSTEMPATH\CodeIgniter.php(499): CodeIgniter\CodeIgniter->runController(Object(App\Controllers\NoticiaFavorita))
 4 SYSTEMPATH\CodeIgniter.php(368): CodeIgniter\CodeIgniter->handleRequest(null, Object(Config\Cache), false)
 5 FCPATH\index.php(67): CodeIgniter\CodeIgniter->run()
CRITICAL - 2023-03-29 23:31:39 --> Undefined array key "publishedAt"
in APPPATH\Controllers\NoticiaFavorita.php on line 28.
 1 APPPATH\Controllers\NoticiaFavorita.php(28): CodeIgniter\Debug\Exceptions->errorHandler(2, 'Undefined array key "publishedAt"', 'APPPATH\\Controllers\\NoticiaFavorita.php', 28)
 2 SYSTEMPATH\CodeIgniter.php(934): App\Controllers\NoticiaFavorita->adicionar()
 3 SYSTEMPATH\CodeIgniter.php(499): CodeIgniter\CodeIgniter->runController(Object(App\Controllers\NoticiaFavorita))
 4 SYSTEMPATH\CodeIgniter.php(368): CodeIgniter\CodeIgniter->handleRequest(null, Object(Config\Cache), false)
 5 FCPATH\index.php(67): CodeIgniter\CodeIgniter->run()
CRITICAL - 2023-03-29 23:33:44 --> Undefined array key "publishedAt"
in APPPATH\Controllers\NoticiaFavorita.php on line 28.
 1 APPPATH\Controllers\NoticiaFavorita.php(28): CodeIgniter\Debug\Exceptions->errorHandler(2, 'Undefined array key "publishedAt"', 'APPPATH\\Controllers\\NoticiaFavorita.php', 28)
 2 SYSTEMPATH\CodeIgniter.php(934): App\Controllers\NoticiaFavorita->adicionar()
 3 SYSTEMPATH\CodeIgniter.php(499): CodeIgniter\CodeIgniter->runController(Object(App\Controllers\NoticiaFavorita))
 4 SYSTEMPATH\CodeIgniter.php(368): CodeIgniter\CodeIgniter->handleRequest(null, Object(Config\Cache), false)
 5 FCPATH\index.php(67): CodeIgniter\CodeIgniter->run()
CRITICAL - 2023-03-29 23:34:21 --> Undefined array key "publishedAt"
in APPPATH\Controllers\NoticiaFavorita.php on line 28.
 1 APPPATH\Controllers\NoticiaFavorita.php(28): CodeIgniter\Debug\Exceptions->errorHandler(2, 'Undefined array key "publishedAt"', 'APPPATH\\Controllers\\NoticiaFavorita.php', 28)
 2 SYSTEMPATH\CodeIgniter.php(934): App\Controllers\NoticiaFavorita->adicionar()
 3 SYSTEMPATH\CodeIgniter.php(499): CodeIgniter\CodeIgniter->runController(Object(App\Controllers\NoticiaFavorita))
 4 SYSTEMPATH\CodeIgniter.php(368): CodeIgniter\CodeIgniter->handleRequest(null, Object(Config\Cache), false)
 5 FCPATH\index.php(67): CodeIgniter\CodeIgniter->run()
CRITICAL - 2023-03-29 23:34:58 --> Undefined array key "publishedAt"
in APPPATH\Controllers\NoticiaFavorita.php on line 28.
 1 APPPATH\Controllers\NoticiaFavorita.php(28): CodeIgniter\Debug\Exceptions->errorHandler(2, 'Undefined array key "publishedAt"', 'APPPATH\\Controllers\\NoticiaFavorita.php', 28)
 2 SYSTEMPATH\CodeIgniter.php(934): App\Controllers\NoticiaFavorita->adicionar()
 3 SYSTEMPATH\CodeIgniter.php(499): CodeIgniter\CodeIgniter->runController(Object(App\Controllers\NoticiaFavorita))
 4 SYSTEMPATH\CodeIgniter.php(368): CodeIgniter\CodeIgniter->handleRequest(null, Object(Config\Cache), false)
 5 FCPATH\index.php(67): CodeIgniter\CodeIgniter->run()
CRITICAL - 2023-03-29 23:35:22 --> Undefined array key "publishedAt"
in APPPATH\Controllers\NoticiaFavorita.php on line 28.
 1 APPPATH\Controllers\NoticiaFavorita.php(28): CodeIgniter\Debug\Exceptions->errorHandler(2, 'Undefined array key "publishedAt"', 'APPPATH\\Controllers\\NoticiaFavorita.php', 28)
 2 SYSTEMPATH\CodeIgniter.php(934): App\Controllers\NoticiaFavorita->adicionar()
 3 SYSTEMPATH\CodeIgniter.php(499): CodeIgniter\CodeIgniter->runController(Object(App\Controllers\NoticiaFavorita))
 4 SYSTEMPATH\CodeIgniter.php(368): CodeIgniter\CodeIgniter->handleRequest(null, Object(Config\Cache), false)
 5 FCPATH\index.php(67): CodeIgniter\CodeIgniter->run()
CRITICAL - 2023-03-29 23:54:47 --> Undefined array key "publishedAt"
in APPPATH\Controllers\NoticiaFavorita.php on line 28.
 1 APPPATH\Controllers\NoticiaFavorita.php(28): CodeIgniter\Debug\Exceptions->errorHandler(2, 'Undefined array key "publishedAt"', 'APPPATH\\Controllers\\NoticiaFavorita.php', 28)
 2 SYSTEMPATH\CodeIgniter.php(934): App\Controllers\NoticiaFavorita->adicionar()
 3 SYSTEMPATH\CodeIgniter.php(499): CodeIgniter\CodeIgniter->runController(Object(App\Controllers\NoticiaFavorita))
 4 SYSTEMPATH\CodeIgniter.php(368): CodeIgniter\CodeIgniter->handleRequest(null, Object(Config\Cache), false)
 5 FCPATH\index.php(67): CodeIgniter\CodeIgniter->run()
CRITICAL - 2023-03-29 23:54:59 --> Undefined array key "publishedAt"
in APPPATH\Controllers\NoticiaFavorita.php on line 28.
 1 APPPATH\Controllers\NoticiaFavorita.php(28): CodeIgniter\Debug\Exceptions->errorHandler(2, 'Undefined array key "publishedAt"', 'APPPATH\\Controllers\\NoticiaFavorita.php', 28)
 2 SYSTEMPATH\CodeIgniter.php(934): App\Controllers\NoticiaFavorita->adicionar()
 3 SYSTEMPATH\CodeIgniter.php(499): CodeIgniter\CodeIgniter->runController(Object(App\Controllers\NoticiaFavorita))
 4 SYSTEMPATH\CodeIgniter.php(368): CodeIgniter\CodeIgniter->handleRequest(null, Object(Config\Cache), false)
 5 FCPATH\index.php(67): CodeIgniter\CodeIgniter->run()
CRITICAL - 2023-03-29 23:55:29 --> Undefined array key "publishedAt"
in APPPATH\Controllers\NoticiaFavorita.php on line 28.
 1 APPPATH\Controllers\NoticiaFavorita.php(28): CodeIgniter\Debug\Exceptions->errorHandler(2, 'Undefined array key "publishedAt"', 'APPPATH\\Controllers\\NoticiaFavorita.php', 28)
 2 SYSTEMPATH\CodeIgniter.php(934): App\Controllers\NoticiaFavorita->adicionar()
 3 SYSTEMPATH\CodeIgniter.php(499): CodeIgniter\CodeIgniter->runController(Object(App\Controllers\NoticiaFavorita))
 4 SYSTEMPATH\CodeIgniter.php(368): CodeIgniter\CodeIgniter->handleRequest(null, Object(Config\Cache), false)
 5 FCPATH\index.php(67): CodeIgniter\CodeIgniter->run()
CRITICAL - 2023-03-29 23:55:50 --> Undefined array key "publishedAt"
in APPPATH\Controllers\NoticiaFavorita.php on line 28.
 1 APPPATH\Controllers\NoticiaFavorita.php(28): CodeIgniter\Debug\Exceptions->errorHandler(2, 'Undefined array key "publishedAt"', 'APPPATH\\Controllers\\NoticiaFavorita.php', 28)
 2 SYSTEMPATH\CodeIgniter.php(934): App\Controllers\NoticiaFavorita->adicionar()
 3 SYSTEMPATH\CodeIgniter.php(499): CodeIgniter\CodeIgniter->runController(Object(App\Controllers\NoticiaFavorita))
 4 SYSTEMPATH\CodeIgniter.php(368): CodeIgniter\CodeIgniter->handleRequest(null, Object(Config\Cache), false)
 5 FCPATH\index.php(67): CodeIgniter\CodeIgniter->run()
CRITICAL - 2023-03-29 23:59:22 --> Undefined array key "publishedAt"
in APPPATH\Controllers\NoticiaFavorita.php on line 28.
 1 APPPATH\Controllers\NoticiaFavorita.php(28): CodeIgniter\Debug\Exceptions->errorHandler(2, 'Undefined array key "publishedAt"', 'APPPATH\\Controllers\\NoticiaFavorita.php', 28)
 2 SYSTEMPATH\CodeIgniter.php(934): App\Controllers\NoticiaFavorita->adicionar()
 3 SYSTEMPATH\CodeIgniter.php(499): CodeIgniter\CodeIgniter->runController(Object(App\Controllers\NoticiaFavorita))
 4 SYSTEMPATH\CodeIgniter.php(368): CodeIgniter\CodeIgniter->handleRequest(null, Object(Config\Cache), false)
 5 FCPATH\index.php(67): CodeIgniter\CodeIgniter->run()
CRITICAL - 2023-03-29 23:59:34 --> Undefined array key "publishedAt"
in APPPATH\Controllers\NoticiaFavorita.php on line 28.
 1 APPPATH\Controllers\NoticiaFavorita.php(28): CodeIgniter\Debug\Exceptions->errorHandler(2, 'Undefined array key "publishedAt"', 'APPPATH\\Controllers\\NoticiaFavorita.php', 28)
 2 SYSTEMPATH\CodeIgniter.php(934): App\Controllers\NoticiaFavorita->adicionar()
 3 SYSTEMPATH\CodeIgniter.php(499): CodeIgniter\CodeIgniter->runController(Object(App\Controllers\NoticiaFavorita))
 4 SYSTEMPATH\CodeIgniter.php(368): CodeIgniter\CodeIgniter->handleRequest(null, Object(Config\Cache), false)
 5 FCPATH\index.php(67): CodeIgniter\CodeIgniter->run()
CRITICAL - 2023-03-29 23:59:42 --> Undefined array key "publishedAt"
in APPPATH\Controllers\NoticiaFavorita.php on line 28.
 1 APPPATH\Controllers\NoticiaFavorita.php(28): CodeIgniter\Debug\Exceptions->errorHandler(2, 'Undefined array key "publishedAt"', 'APPPATH\\Controllers\\NoticiaFavorita.php', 28)
 2 SYSTEMPATH\CodeIgniter.php(934): App\Controllers\NoticiaFavorita->adicionar()
 3 SYSTEMPATH\CodeIgniter.php(499): CodeIgniter\CodeIgniter->runController(Object(App\Controllers\NoticiaFavorita))
 4 SYSTEMPATH\CodeIgniter.php(368): CodeIgniter\CodeIgniter->handleRequest(null, Object(Config\Cache), false)
 5 FCPATH\index.php(67): CodeIgniter\CodeIgniter->run()
CRITICAL - 2023-03-29 23:59:52 --> Undefined array key "publishedAt"
in APPPATH\Controllers\NoticiaFavorita.php on line 28.
 1 APPPATH\Controllers\NoticiaFavorita.php(28): CodeIgniter\Debug\Exceptions->errorHandler(2, 'Undefined array key "publishedAt"', 'APPPATH\\Controllers\\NoticiaFavorita.php', 28)
 2 SYSTEMPATH\CodeIgniter.php(934): App\Controllers\NoticiaFavorita->adicionar()
 3 SYSTEMPATH\CodeIgniter.php(499): CodeIgniter\CodeIgniter->runController(Object(App\Controllers\NoticiaFavorita))
 4 SYSTEMPATH\CodeIgniter.php(368): CodeIgniter\CodeIgniter->handleRequest(null, Object(Config\Cache), false)
 5 FCPATH\index.php(67): CodeIgniter\CodeIgniter->run()
