ERROR - 2023-03-13 22:34:52 --> Error connecting to the database: ErrorException: mysqli::real_connect(): php_network_getaddresses: getaddrinfo for tcp failed: Este host nï¿½o ï¿½ conhecido.  in C:\workDashboard\newsletter\api\system\Database\MySQLi\Connection.php:173
Stack trace:
#0 [internal function]: CodeIgniter\Debug\Exceptions->errorHandler(2, 'mysqli::real_co...', 'C:\\workDashboar...', 173)
#1 C:\workDashboard\newsletter\api\system\Database\MySQLi\Connection.php(173): mysqli->real_connect('tcp:us-east.con...', '69jedca5yx0k75x...', Object(SensitiveParameterValue), 'bd-oliveira', 3306, '', 0)
#2 C:\workDashboard\newsletter\api\system\Database\BaseConnection.php(391): CodeIgniter\Database\MySQLi\Connection->connect(false)
#3 C:\workDashboard\newsletter\api\system\Database\BaseConnection.php(573): CodeIgniter\Database\BaseConnection->initialize()
#4 C:\workDashboard\newsletter\api\system\Database\BaseBuilder.php(1616): CodeIgniter\Database\BaseConnection->query('SELECT *\nFROM `...', Array, false)
#5 C:\workDashboard\newsletter\api\system\Model.php(241): CodeIgniter\Database\BaseBuilder->get()
#6 C:\workDashboard\newsletter\api\system\BaseModel.php(618): CodeIgniter\Model->doFindAll(0, 0)
#7 C:\workDashboard\newsletter\api\app\Controllers\UsersAllController.php(13): CodeIgniter\BaseModel->findAll()
#8 C:\workDashboard\newsletter\api\system\CodeIgniter.php(934): App\Controllers\UsersAllController->index()
#9 C:\workDashboard\newsletter\api\system\CodeIgniter.php(499): CodeIgniter\CodeIgniter->runController(Object(App\Controllers\UsersAllController))
#10 C:\workDashboard\newsletter\api\system\CodeIgniter.php(368): CodeIgniter\CodeIgniter->handleRequest(NULL, Object(Config\Cache), false)
#11 C:\workDashboard\newsletter\api\public\index.php(67): CodeIgniter\CodeIgniter->run()
#12 {main}

Next mysqli_sql_exception: php_network_getaddresses: getaddrinfo for tcp failed: Este host não é conhecido.  in C:\workDashboard\newsletter\api\system\Database\MySQLi\Connection.php:173
Stack trace:
#0 C:\workDashboard\newsletter\api\system\Database\MySQLi\Connection.php(173): mysqli->real_connect('tcp:us-east.con...', '69jedca5yx0k75x...', Object(SensitiveParameterValue), 'bd-oliveira', 3306, '', 0)
#1 C:\workDashboard\newsletter\api\system\Database\BaseConnection.php(391): CodeIgniter\Database\MySQLi\Connection->connect(false)
#2 C:\workDashboard\newsletter\api\system\Database\BaseConnection.php(573): CodeIgniter\Database\BaseConnection->initialize()
#3 C:\workDashboard\newsletter\api\system\Database\BaseBuilder.php(1616): CodeIgniter\Database\BaseConnection->query('SELECT *\nFROM `...', Array, false)
#4 C:\workDashboard\newsletter\api\system\Model.php(241): CodeIgniter\Database\BaseBuilder->get()
#5 C:\workDashboard\newsletter\api\system\BaseModel.php(618): CodeIgniter\Model->doFindAll(0, 0)
#6 C:\workDashboard\newsletter\api\app\Controllers\UsersAllController.php(13): CodeIgniter\BaseModel->findAll()
#7 C:\workDashboard\newsletter\api\system\CodeIgniter.php(934): App\Controllers\UsersAllController->index()
#8 C:\workDashboard\newsletter\api\system\CodeIgniter.php(499): CodeIgniter\CodeIgniter->runController(Object(App\Controllers\UsersAllController))
#9 C:\workDashboard\newsletter\api\system\CodeIgniter.php(368): CodeIgniter\CodeIgniter->handleRequest(NULL, Object(Config\Cache), false)
#10 C:\workDashboard\newsletter\api\public\index.php(67): CodeIgniter\CodeIgniter->run()
#11 {main}

Next CodeIgniter\Database\Exceptions\DatabaseException: php_network_getaddresses: getaddrinfo for tcp failed: Este host não é conhecido.  in C:\workDashboard\newsletter\api\system\Database\MySQLi\Connection.php:218
Stack trace:
#0 C:\workDashboard\newsletter\api\system\Database\BaseConnection.php(391): CodeIgniter\Database\MySQLi\Connection->connect(false)
#1 C:\workDashboard\newsletter\api\system\Database\BaseConnection.php(573): CodeIgniter\Database\BaseConnection->initialize()
#2 C:\workDashboard\newsletter\api\system\Database\BaseBuilder.php(1616): CodeIgniter\Database\BaseConnection->query('SELECT *\nFROM `...', Array, false)
#3 C:\workDashboard\newsletter\api\system\Model.php(241): CodeIgniter\Database\BaseBuilder->get()
#4 C:\workDashboard\newsletter\api\system\BaseModel.php(618): CodeIgniter\Model->doFindAll(0, 0)
#5 C:\workDashboard\newsletter\api\app\Controllers\UsersAllController.php(13): CodeIgniter\BaseModel->findAll()
#6 C:\workDashboard\newsletter\api\system\CodeIgniter.php(934): App\Controllers\UsersAllController->index()
#7 C:\workDashboard\newsletter\api\system\CodeIgniter.php(499): CodeIgniter\CodeIgniter->runController(Object(App\Controllers\UsersAllController))
#8 C:\workDashboard\newsletter\api\system\CodeIgniter.php(368): CodeIgniter\CodeIgniter->handleRequest(NULL, Object(Config\Cache), false)
#9 C:\workDashboard\newsletter\api\public\index.php(67): CodeIgniter\CodeIgniter->run()
#10 {main}
CRITICAL - 2023-03-13 22:34:52 --> Unable to connect to the database.
Main connection [MySQLi]: php_network_getaddresses: getaddrinfo for tcp failed: Este host não é conhecido. 
in SYSTEMPATH\Database\BaseConnection.php on line 427.
 1 SYSTEMPATH\Database\BaseConnection.php(573): CodeIgniter\Database\BaseConnection->initialize()
 2 SYSTEMPATH\Database\BaseBuilder.php(1616): CodeIgniter\Database\BaseConnection->query('SELECT *
FROM `sis_usuario`', [], false)
 3 SYSTEMPATH\Model.php(241): CodeIgniter\Database\BaseBuilder->get()
 4 SYSTEMPATH\BaseModel.php(618): CodeIgniter\Model->doFindAll(0, 0)
 5 APPPATH\Controllers\UsersAllController.php(13): CodeIgniter\BaseModel->findAll()
 6 SYSTEMPATH\CodeIgniter.php(934): App\Controllers\UsersAllController->index()
 7 SYSTEMPATH\CodeIgniter.php(499): CodeIgniter\CodeIgniter->runController(Object(App\Controllers\UsersAllController))
 8 SYSTEMPATH\CodeIgniter.php(368): CodeIgniter\CodeIgniter->handleRequest(null, Object(Config\Cache), false)
 9 FCPATH\index.php(67): CodeIgniter\CodeIgniter->run()
ERROR - 2023-03-13 22:35:22 --> Error connecting to the database: mysqli_sql_exception: unknown error: Code: UNAVAILABLE
server does not allow insecure connections, client must use SSL/TLS
 in C:\workDashboard\newsletter\api\system\Database\MySQLi\Connection.php:173
Stack trace:
#0 C:\workDashboard\newsletter\api\system\Database\MySQLi\Connection.php(173): mysqli->real_connect('us-east.connect...', '69jedca5yx0k75x...', Object(SensitiveParameterValue), 'bd-oliveira', 3306, '', 0)
#1 C:\workDashboard\newsletter\api\system\Database\BaseConnection.php(391): CodeIgniter\Database\MySQLi\Connection->connect(false)
#2 C:\workDashboard\newsletter\api\system\Database\BaseConnection.php(573): CodeIgniter\Database\BaseConnection->initialize()
#3 C:\workDashboard\newsletter\api\system\Database\BaseBuilder.php(1616): CodeIgniter\Database\BaseConnection->query('SELECT *\nFROM `...', Array, false)
#4 C:\workDashboard\newsletter\api\system\Model.php(241): CodeIgniter\Database\BaseBuilder->get()
#5 C:\workDashboard\newsletter\api\system\BaseModel.php(618): CodeIgniter\Model->doFindAll(0, 0)
#6 C:\workDashboard\newsletter\api\app\Controllers\UsersAllController.php(13): CodeIgniter\BaseModel->findAll()
#7 C:\workDashboard\newsletter\api\system\CodeIgniter.php(934): App\Controllers\UsersAllController->index()
#8 C:\workDashboard\newsletter\api\system\CodeIgniter.php(499): CodeIgniter\CodeIgniter->runController(Object(App\Controllers\UsersAllController))
#9 C:\workDashboard\newsletter\api\system\CodeIgniter.php(368): CodeIgniter\CodeIgniter->handleRequest(NULL, Object(Config\Cache), false)
#10 C:\workDashboard\newsletter\api\public\index.php(67): CodeIgniter\CodeIgniter->run()
#11 {main}

Next CodeIgniter\Database\Exceptions\DatabaseException: unknown error: Code: UNAVAILABLE
server does not allow insecure connections, client must use SSL/TLS
 in C:\workDashboard\newsletter\api\system\Database\MySQLi\Connection.php:218
Stack trace:
#0 C:\workDashboard\newsletter\api\system\Database\BaseConnection.php(391): CodeIgniter\Database\MySQLi\Connection->connect(false)
#1 C:\workDashboard\newsletter\api\system\Database\BaseConnection.php(573): CodeIgniter\Database\BaseConnection->initialize()
#2 C:\workDashboard\newsletter\api\system\Database\BaseBuilder.php(1616): CodeIgniter\Database\BaseConnection->query('SELECT *\nFROM `...', Array, false)
#3 C:\workDashboard\newsletter\api\system\Model.php(241): CodeIgniter\Database\BaseBuilder->get()
#4 C:\workDashboard\newsletter\api\system\BaseModel.php(618): CodeIgniter\Model->doFindAll(0, 0)
#5 C:\workDashboard\newsletter\api\app\Controllers\UsersAllController.php(13): CodeIgniter\BaseModel->findAll()
#6 C:\workDashboard\newsletter\api\system\CodeIgniter.php(934): App\Controllers\UsersAllController->index()
#7 C:\workDashboard\newsletter\api\system\CodeIgniter.php(499): CodeIgniter\CodeIgniter->runController(Object(App\Controllers\UsersAllController))
#8 C:\workDashboard\newsletter\api\system\CodeIgniter.php(368): CodeIgniter\CodeIgniter->handleRequest(NULL, Object(Config\Cache), false)
#9 C:\workDashboard\newsletter\api\public\index.php(67): CodeIgniter\CodeIgniter->run()
#10 {main}
CRITICAL - 2023-03-13 22:35:22 --> Unable to connect to the database.
Main connection [MySQLi]: unknown error: Code: UNAVAILABLE
server does not allow insecure connections, client must use SSL/TLS

in SYSTEMPATH\Database\BaseConnection.php on line 427.
 1 SYSTEMPATH\Database\BaseConnection.php(573): CodeIgniter\Database\BaseConnection->initialize()
 2 SYSTEMPATH\Database\BaseBuilder.php(1616): CodeIgniter\Database\BaseConnection->query('SELECT *
FROM `sis_usuario`', [], false)
 3 SYSTEMPATH\Model.php(241): CodeIgniter\Database\BaseBuilder->get()
 4 SYSTEMPATH\BaseModel.php(618): CodeIgniter\Model->doFindAll(0, 0)
 5 APPPATH\Controllers\UsersAllController.php(13): CodeIgniter\BaseModel->findAll()
 6 SYSTEMPATH\CodeIgniter.php(934): App\Controllers\UsersAllController->index()
 7 SYSTEMPATH\CodeIgniter.php(499): CodeIgniter\CodeIgniter->runController(Object(App\Controllers\UsersAllController))
 8 SYSTEMPATH\CodeIgniter.php(368): CodeIgniter\CodeIgniter->handleRequest(null, Object(Config\Cache), false)
 9 FCPATH\index.php(67): CodeIgniter\CodeIgniter->run()
ERROR - 2023-03-13 22:41:59 --> Error connecting to the database: mysqli_sql_exception: unknown error: Code: UNAVAILABLE
server does not allow insecure connections, client must use SSL/TLS
 in C:\workDashboard\newsletter\api\system\Database\MySQLi\Connection.php:173
Stack trace:
#0 C:\workDashboard\newsletter\api\system\Database\MySQLi\Connection.php(173): mysqli->real_connect('us-east.connect...', '69jedca5yx0k75x...', Object(SensitiveParameterValue), 'bd-oliveira', 3306, '', 0)
#1 C:\workDashboard\newsletter\api\system\Database\BaseConnection.php(391): CodeIgniter\Database\MySQLi\Connection->connect(false)
#2 C:\workDashboard\newsletter\api\system\Database\BaseConnection.php(573): CodeIgniter\Database\BaseConnection->initialize()
#3 C:\workDashboard\newsletter\api\system\Database\BaseBuilder.php(1616): CodeIgniter\Database\BaseConnection->query('SELECT *\nFROM `...', Array, false)
#4 C:\workDashboard\newsletter\api\system\Model.php(241): CodeIgniter\Database\BaseBuilder->get()
#5 C:\workDashboard\newsletter\api\system\BaseModel.php(618): CodeIgniter\Model->doFindAll(0, 0)
#6 C:\workDashboard\newsletter\api\app\Controllers\UsersAllController.php(13): CodeIgniter\BaseModel->findAll()
#7 C:\workDashboard\newsletter\api\system\CodeIgniter.php(934): App\Controllers\UsersAllController->index()
#8 C:\workDashboard\newsletter\api\system\CodeIgniter.php(499): CodeIgniter\CodeIgniter->runController(Object(App\Controllers\UsersAllController))
#9 C:\workDashboard\newsletter\api\system\CodeIgniter.php(368): CodeIgniter\CodeIgniter->handleRequest(NULL, Object(Config\Cache), false)
#10 C:\workDashboard\newsletter\api\public\index.php(67): CodeIgniter\CodeIgniter->run()
#11 {main}

Next CodeIgniter\Database\Exceptions\DatabaseException: unknown error: Code: UNAVAILABLE
server does not allow insecure connections, client must use SSL/TLS
 in C:\workDashboard\newsletter\api\system\Database\MySQLi\Connection.php:218
Stack trace:
#0 C:\workDashboard\newsletter\api\system\Database\BaseConnection.php(391): CodeIgniter\Database\MySQLi\Connection->connect(false)
#1 C:\workDashboard\newsletter\api\system\Database\BaseConnection.php(573): CodeIgniter\Database\BaseConnection->initialize()
#2 C:\workDashboard\newsletter\api\system\Database\BaseBuilder.php(1616): CodeIgniter\Database\BaseConnection->query('SELECT *\nFROM `...', Array, false)
#3 C:\workDashboard\newsletter\api\system\Model.php(241): CodeIgniter\Database\BaseBuilder->get()
#4 C:\workDashboard\newsletter\api\system\BaseModel.php(618): CodeIgniter\Model->doFindAll(0, 0)
#5 C:\workDashboard\newsletter\api\app\Controllers\UsersAllController.php(13): CodeIgniter\BaseModel->findAll()
#6 C:\workDashboard\newsletter\api\system\CodeIgniter.php(934): App\Controllers\UsersAllController->index()
#7 C:\workDashboard\newsletter\api\system\CodeIgniter.php(499): CodeIgniter\CodeIgniter->runController(Object(App\Controllers\UsersAllController))
#8 C:\workDashboard\newsletter\api\system\CodeIgniter.php(368): CodeIgniter\CodeIgniter->handleRequest(NULL, Object(Config\Cache), false)
#9 C:\workDashboard\newsletter\api\public\index.php(67): CodeIgniter\CodeIgniter->run()
#10 {main}
CRITICAL - 2023-03-13 22:41:59 --> Unable to connect to the database.
Main connection [MySQLi]: unknown error: Code: UNAVAILABLE
server does not allow insecure connections, client must use SSL/TLS

in SYSTEMPATH\Database\BaseConnection.php on line 427.
 1 SYSTEMPATH\Database\BaseConnection.php(573): CodeIgniter\Database\BaseConnection->initialize()
 2 SYSTEMPATH\Database\BaseBuilder.php(1616): CodeIgniter\Database\BaseConnection->query('SELECT *
FROM `sis_usuario`', [], false)
 3 SYSTEMPATH\Model.php(241): CodeIgniter\Database\BaseBuilder->get()
 4 SYSTEMPATH\BaseModel.php(618): CodeIgniter\Model->doFindAll(0, 0)
 5 APPPATH\Controllers\UsersAllController.php(13): CodeIgniter\BaseModel->findAll()
 6 SYSTEMPATH\CodeIgniter.php(934): App\Controllers\UsersAllController->index()
 7 SYSTEMPATH\CodeIgniter.php(499): CodeIgniter\CodeIgniter->runController(Object(App\Controllers\UsersAllController))
 8 SYSTEMPATH\CodeIgniter.php(368): CodeIgniter\CodeIgniter->handleRequest(null, Object(Config\Cache), false)
 9 FCPATH\index.php(67): CodeIgniter\CodeIgniter->run()
ERROR - 2023-03-13 22:42:32 --> Error connecting to the database: ErrorException: Uninitialized string offset 0 in C:\workDashboard\newsletter\api\system\Database\MySQLi\Connection.php:85
Stack trace:
#0 C:\workDashboard\newsletter\api\system\Database\MySQLi\Connection.php(85): CodeIgniter\Debug\Exceptions->errorHandler(2, 'Uninitialized s...', 'C:\\workDashboar...', 85)
#1 C:\workDashboard\newsletter\api\system\Database\BaseConnection.php(391): CodeIgniter\Database\MySQLi\Connection->connect(false)
#2 C:\workDashboard\newsletter\api\system\Database\BaseConnection.php(573): CodeIgniter\Database\BaseConnection->initialize()
#3 C:\workDashboard\newsletter\api\system\Database\BaseBuilder.php(1616): CodeIgniter\Database\BaseConnection->query('SELECT *\nFROM `...', Array, false)
#4 C:\workDashboard\newsletter\api\system\Model.php(241): CodeIgniter\Database\BaseBuilder->get()
#5 C:\workDashboard\newsletter\api\system\BaseModel.php(618): CodeIgniter\Model->doFindAll(0, 0)
#6 C:\workDashboard\newsletter\api\app\Controllers\UsersAllController.php(13): CodeIgniter\BaseModel->findAll()
#7 C:\workDashboard\newsletter\api\system\CodeIgniter.php(934): App\Controllers\UsersAllController->index()
#8 C:\workDashboard\newsletter\api\system\CodeIgniter.php(499): CodeIgniter\CodeIgniter->runController(Object(App\Controllers\UsersAllController))
#9 C:\workDashboard\newsletter\api\system\CodeIgniter.php(368): CodeIgniter\CodeIgniter->handleRequest(NULL, Object(Config\Cache), false)
#10 C:\workDashboard\newsletter\api\public\index.php(67): CodeIgniter\CodeIgniter->run()
#11 {main}
CRITICAL - 2023-03-13 22:42:32 --> Unable to connect to the database.
Main connection [MySQLi]: Uninitialized string offset 0
in SYSTEMPATH\Database\BaseConnection.php on line 427.
 1 SYSTEMPATH\Database\BaseConnection.php(573): CodeIgniter\Database\BaseConnection->initialize()
 2 SYSTEMPATH\Database\BaseBuilder.php(1616): CodeIgniter\Database\BaseConnection->query('SELECT *
FROM `sis_usuario`', [], false)
 3 SYSTEMPATH\Model.php(241): CodeIgniter\Database\BaseBuilder->get()
 4 SYSTEMPATH\BaseModel.php(618): CodeIgniter\Model->doFindAll(0, 0)
 5 APPPATH\Controllers\UsersAllController.php(13): CodeIgniter\BaseModel->findAll()
 6 SYSTEMPATH\CodeIgniter.php(934): App\Controllers\UsersAllController->index()
 7 SYSTEMPATH\CodeIgniter.php(499): CodeIgniter\CodeIgniter->runController(Object(App\Controllers\UsersAllController))
 8 SYSTEMPATH\CodeIgniter.php(368): CodeIgniter\CodeIgniter->handleRequest(null, Object(Config\Cache), false)
 9 FCPATH\index.php(67): CodeIgniter\CodeIgniter->run()
ERROR - 2023-03-13 22:48:14 --> Error connecting to the database: mysqli_sql_exception: unknown error: Code: UNAVAILABLE
server does not allow insecure connections, client must use SSL/TLS
 in C:\workDashboard\newsletter\api\system\Database\MySQLi\Connection.php:173
Stack trace:
#0 C:\workDashboard\newsletter\api\system\Database\MySQLi\Connection.php(173): mysqli->real_connect('us-east.connect...', '69jedca5yx0k75x...', Object(SensitiveParameterValue), 'bd-oliveira', 3306, '', 0)
#1 C:\workDashboard\newsletter\api\system\Database\BaseConnection.php(391): CodeIgniter\Database\MySQLi\Connection->connect(false)
#2 C:\workDashboard\newsletter\api\system\Database\BaseConnection.php(573): CodeIgniter\Database\BaseConnection->initialize()
#3 C:\workDashboard\newsletter\api\system\Database\BaseBuilder.php(1616): CodeIgniter\Database\BaseConnection->query('SELECT *\nFROM `...', Array, false)
#4 C:\workDashboard\newsletter\api\system\Model.php(241): CodeIgniter\Database\BaseBuilder->get()
#5 C:\workDashboard\newsletter\api\system\BaseModel.php(618): CodeIgniter\Model->doFindAll(0, 0)
#6 C:\workDashboard\newsletter\api\app\Controllers\UsersAllController.php(13): CodeIgniter\BaseModel->findAll()
#7 C:\workDashboard\newsletter\api\system\CodeIgniter.php(934): App\Controllers\UsersAllController->index()
#8 C:\workDashboard\newsletter\api\system\CodeIgniter.php(499): CodeIgniter\CodeIgniter->runController(Object(App\Controllers\UsersAllController))
#9 C:\workDashboard\newsletter\api\system\CodeIgniter.php(368): CodeIgniter\CodeIgniter->handleRequest(NULL, Object(Config\Cache), false)
#10 C:\workDashboard\newsletter\api\public\index.php(67): CodeIgniter\CodeIgniter->run()
#11 {main}

Next CodeIgniter\Database\Exceptions\DatabaseException: unknown error: Code: UNAVAILABLE
server does not allow insecure connections, client must use SSL/TLS
 in C:\workDashboard\newsletter\api\system\Database\MySQLi\Connection.php:218
Stack trace:
#0 C:\workDashboard\newsletter\api\system\Database\BaseConnection.php(391): CodeIgniter\Database\MySQLi\Connection->connect(false)
#1 C:\workDashboard\newsletter\api\system\Database\BaseConnection.php(573): CodeIgniter\Database\BaseConnection->initialize()
#2 C:\workDashboard\newsletter\api\system\Database\BaseBuilder.php(1616): CodeIgniter\Database\BaseConnection->query('SELECT *\nFROM `...', Array, false)
#3 C:\workDashboard\newsletter\api\system\Model.php(241): CodeIgniter\Database\BaseBuilder->get()
#4 C:\workDashboard\newsletter\api\system\BaseModel.php(618): CodeIgniter\Model->doFindAll(0, 0)
#5 C:\workDashboard\newsletter\api\app\Controllers\UsersAllController.php(13): CodeIgniter\BaseModel->findAll()
#6 C:\workDashboard\newsletter\api\system\CodeIgniter.php(934): App\Controllers\UsersAllController->index()
#7 C:\workDashboard\newsletter\api\system\CodeIgniter.php(499): CodeIgniter\CodeIgniter->runController(Object(App\Controllers\UsersAllController))
#8 C:\workDashboard\newsletter\api\system\CodeIgniter.php(368): CodeIgniter\CodeIgniter->handleRequest(NULL, Object(Config\Cache), false)
#9 C:\workDashboard\newsletter\api\public\index.php(67): CodeIgniter\CodeIgniter->run()
#10 {main}
CRITICAL - 2023-03-13 22:48:14 --> Unable to connect to the database.
Main connection [MySQLi]: unknown error: Code: UNAVAILABLE
server does not allow insecure connections, client must use SSL/TLS

in SYSTEMPATH\Database\BaseConnection.php on line 427.
 1 SYSTEMPATH\Database\BaseConnection.php(573): CodeIgniter\Database\BaseConnection->initialize()
 2 SYSTEMPATH\Database\BaseBuilder.php(1616): CodeIgniter\Database\BaseConnection->query('SELECT *
FROM `sis_usuario`', [], false)
 3 SYSTEMPATH\Model.php(241): CodeIgniter\Database\BaseBuilder->get()
 4 SYSTEMPATH\BaseModel.php(618): CodeIgniter\Model->doFindAll(0, 0)
 5 APPPATH\Controllers\UsersAllController.php(13): CodeIgniter\BaseModel->findAll()
 6 SYSTEMPATH\CodeIgniter.php(934): App\Controllers\UsersAllController->index()
 7 SYSTEMPATH\CodeIgniter.php(499): CodeIgniter\CodeIgniter->runController(Object(App\Controllers\UsersAllController))
 8 SYSTEMPATH\CodeIgniter.php(368): CodeIgniter\CodeIgniter->handleRequest(null, Object(Config\Cache), false)
 9 FCPATH\index.php(67): CodeIgniter\CodeIgniter->run()
ERROR - 2023-03-13 22:51:33 --> Error connecting to the database: mysqli_sql_exception: unknown error: Code: UNAVAILABLE
server does not allow insecure connections, client must use SSL/TLS
 in C:\workDashboard\newsletter\api\system\Database\MySQLi\Connection.php:173
Stack trace:
#0 C:\workDashboard\newsletter\api\system\Database\MySQLi\Connection.php(173): mysqli->real_connect('us-east.connect...', '69jedca5yx0k75x...', Object(SensitiveParameterValue), 'bd-oliveira', 3306, '', 0)
#1 C:\workDashboard\newsletter\api\system\Database\BaseConnection.php(391): CodeIgniter\Database\MySQLi\Connection->connect(false)
#2 C:\workDashboard\newsletter\api\system\Database\BaseConnection.php(573): CodeIgniter\Database\BaseConnection->initialize()
#3 C:\workDashboard\newsletter\api\system\Database\BaseBuilder.php(1616): CodeIgniter\Database\BaseConnection->query('SELECT *\nFROM `...', Array, false)
#4 C:\workDashboard\newsletter\api\system\Model.php(241): CodeIgniter\Database\BaseBuilder->get()
#5 C:\workDashboard\newsletter\api\system\BaseModel.php(618): CodeIgniter\Model->doFindAll(0, 0)
#6 C:\workDashboard\newsletter\api\app\Controllers\UsersAllController.php(13): CodeIgniter\BaseModel->findAll()
#7 C:\workDashboard\newsletter\api\system\CodeIgniter.php(934): App\Controllers\UsersAllController->index()
#8 C:\workDashboard\newsletter\api\system\CodeIgniter.php(499): CodeIgniter\CodeIgniter->runController(Object(App\Controllers\UsersAllController))
#9 C:\workDashboard\newsletter\api\system\CodeIgniter.php(368): CodeIgniter\CodeIgniter->handleRequest(NULL, Object(Config\Cache), false)
#10 C:\workDashboard\newsletter\api\public\index.php(67): CodeIgniter\CodeIgniter->run()
#11 {main}

Next CodeIgniter\Database\Exceptions\DatabaseException: unknown error: Code: UNAVAILABLE
server does not allow insecure connections, client must use SSL/TLS
 in C:\workDashboard\newsletter\api\system\Database\MySQLi\Connection.php:218
Stack trace:
#0 C:\workDashboard\newsletter\api\system\Database\BaseConnection.php(391): CodeIgniter\Database\MySQLi\Connection->connect(false)
#1 C:\workDashboard\newsletter\api\system\Database\BaseConnection.php(573): CodeIgniter\Database\BaseConnection->initialize()
#2 C:\workDashboard\newsletter\api\system\Database\BaseBuilder.php(1616): CodeIgniter\Database\BaseConnection->query('SELECT *\nFROM `...', Array, false)
#3 C:\workDashboard\newsletter\api\system\Model.php(241): CodeIgniter\Database\BaseBuilder->get()
#4 C:\workDashboard\newsletter\api\system\BaseModel.php(618): CodeIgniter\Model->doFindAll(0, 0)
#5 C:\workDashboard\newsletter\api\app\Controllers\UsersAllController.php(13): CodeIgniter\BaseModel->findAll()
#6 C:\workDashboard\newsletter\api\system\CodeIgniter.php(934): App\Controllers\UsersAllController->index()
#7 C:\workDashboard\newsletter\api\system\CodeIgniter.php(499): CodeIgniter\CodeIgniter->runController(Object(App\Controllers\UsersAllController))
#8 C:\workDashboard\newsletter\api\system\CodeIgniter.php(368): CodeIgniter\CodeIgniter->handleRequest(NULL, Object(Config\Cache), false)
#9 C:\workDashboard\newsletter\api\public\index.php(67): CodeIgniter\CodeIgniter->run()
#10 {main}
CRITICAL - 2023-03-13 22:51:33 --> Unable to connect to the database.
Main connection [MySQLi]: unknown error: Code: UNAVAILABLE
server does not allow insecure connections, client must use SSL/TLS

in SYSTEMPATH\Database\BaseConnection.php on line 427.
 1 SYSTEMPATH\Database\BaseConnection.php(573): CodeIgniter\Database\BaseConnection->initialize()
 2 SYSTEMPATH\Database\BaseBuilder.php(1616): CodeIgniter\Database\BaseConnection->query('SELECT *
FROM `sis_usuario`', [], false)
 3 SYSTEMPATH\Model.php(241): CodeIgniter\Database\BaseBuilder->get()
 4 SYSTEMPATH\BaseModel.php(618): CodeIgniter\Model->doFindAll(0, 0)
 5 APPPATH\Controllers\UsersAllController.php(13): CodeIgniter\BaseModel->findAll()
 6 SYSTEMPATH\CodeIgniter.php(934): App\Controllers\UsersAllController->index()
 7 SYSTEMPATH\CodeIgniter.php(499): CodeIgniter\CodeIgniter->runController(Object(App\Controllers\UsersAllController))
 8 SYSTEMPATH\CodeIgniter.php(368): CodeIgniter\CodeIgniter->handleRequest(null, Object(Config\Cache), false)
 9 FCPATH\index.php(67): CodeIgniter\CodeIgniter->run()
